<?xml version="1.0" encoding="UTF-8"?>
<!-- Generated by org.testng.reporters.JUnitReportReporter -->
<testsuite hostname="DESKTOP-6894EN5" failures="0" tests="1" name="vandanademo2.construction_links" time="9.128" errors="0" timestamp="19 Oct 2022 04:35:55 GMT">
  <testcase classname="vandanademo2.construction_links" name="bd2" time="9.128"/>
</testsuite> <!-- vandanademo2.construction_links -->
